2021-06-14 00:00:16.151  INFO 15167 --- [restartedMain] c.s.p.p.PersonAttributeApplication       : Starting PersonAttributeApplication using Java 11.0.11 on Bella with PID 15167 (/home/amit/Projects/JAVA/Spring/spring boot/person-attribute/bin/main started by amit in /home/amit/Projects/JAVA/Spring/spring boot/person-attribute)
2021-06-14 00:00:16.302  INFO 15167 --- [restartedMain] c.s.p.p.PersonAttributeApplication       : No active profile set, falling back to default profiles: default
2021-06-14 00:00:16.739  INFO 15167 --- [restartedMain] .e.DevToolsPropertyDefaultsPostProcessor : Devtools property defaults active! Set 'spring.devtools.add-properties' to 'false' to disable
2021-06-14 00:00:16.749  INFO 15167 --- [restartedMain] .e.DevToolsPropertyDefaultsPostProcessor : For additional web related logging consider setting the 'logging.level.web' property to 'DEBUG'
2021-06-14 00:00:19.219  INFO 15167 --- [restartedMain] .s.d.r.c.RepositoryConfigurationDelegate : Bootstrapping Spring Data JPA repositories in DEFAULT mode.
2021-06-14 00:00:19.482  INFO 15167 --- [restartedMain] .s.d.r.c.RepositoryConfigurationDelegate : Finished Spring Data repository scanning in 237 ms. Found 5 JPA repository interfaces.
2021-06-14 00:00:22.012  INFO 15167 --- [restartedMain] o.s.b.w.embedded.tomcat.TomcatWebServer  : Tomcat initialized with port(s): 8080 (http)
2021-06-14 00:00:22.047  INFO 15167 --- [restartedMain] o.apache.catalina.core.StandardService   : Starting service [Tomcat]
2021-06-14 00:00:22.052  INFO 15167 --- [restartedMain] org.apache.catalina.core.StandardEngine  : Starting Servlet engine: [Apache Tomcat/9.0.46]
2021-06-14 00:00:22.404  INFO 15167 --- [restartedMain] o.a.c.c.C.[Tomcat].[localhost].[/]       : Initializing Spring embedded WebApplicationContext
2021-06-14 00:00:22.409  INFO 15167 --- [restartedMain] w.s.c.ServletWebServerApplicationContext : Root WebApplicationContext: initialization completed in 5653 ms
2021-06-14 00:00:23.189  INFO 15167 --- [restartedMain] o.hibernate.jpa.internal.util.LogHelper  : HHH000204: Processing PersistenceUnitInfo [name: default]
2021-06-14 00:00:23.325  INFO 15167 --- [restartedMain] org.hibernate.Version                    : HHH000412: Hibernate ORM core version 5.4.31.Final
2021-06-14 00:00:24.006  INFO 15167 --- [restartedMain] o.hibernate.annotations.common.Version   : HCANN000001: Hibernate Commons Annotations {5.1.2.Final}
2021-06-14 00:00:24.303  INFO 15167 --- [restartedMain] com.zaxxer.hikari.HikariDataSource       : HikariPool-1 - Starting...
2021-06-14 00:00:24.317  WARN 15167 --- [restartedMain] com.zaxxer.hikari.util.DriverDataSource  : Registered driver with driverClassName=com.mysql.jdbc.Driver was not found, trying direct instantiation.
2021-06-14 00:00:25.520  INFO 15167 --- [restartedMain] com.zaxxer.hikari.HikariDataSource       : HikariPool-1 - Start completed.
2021-06-14 00:00:25.586  INFO 15167 --- [restartedMain] org.hibernate.dialect.Dialect            : HHH000400: Using dialect: org.hibernate.dialect.MySQL57Dialect
2021-06-14 00:00:27.517  INFO 15167 --- [restartedMain] o.h.e.t.j.p.i.JtaPlatformInitiator       : HHH000490: Using JtaPlatform implementation: [org.hibernate.engine.transaction.jta.platform.internal.NoJtaPlatform]
2021-06-14 00:00:27.534  INFO 15167 --- [restartedMain] j.LocalContainerEntityManagerFactoryBean : Initialized JPA EntityManagerFactory for persistence unit 'default'
2021-06-14 00:00:28.696  WARN 15167 --- [restartedMain] JpaBaseConfiguration$JpaWebConfiguration : spring.jpa.open-in-view is enabled by default. Therefore, database queries may be performed during view rendering. Explicitly configure spring.jpa.open-in-view to disable this warning
2021-06-14 00:00:29.576  INFO 15167 --- [restartedMain] o.s.b.d.a.OptionalLiveReloadServer       : LiveReload server is running on port 35729
2021-06-14 00:00:29.736  INFO 15167 --- [restartedMain] o.s.b.w.embedded.tomcat.TomcatWebServer  : Tomcat started on port(s): 8080 (http) with context path ''
2021-06-14 00:00:29.780  INFO 15167 --- [restartedMain] c.s.p.p.PersonAttributeApplication       : Started PersonAttributeApplication in 14.858 seconds (JVM running for 16.502)
2021-06-14 00:00:29.788  INFO 15167 --- [restartedMain] o.s.b.a.ApplicationAvailabilityBean      : Application availability state LivenessState changed to CORRECT
2021-06-14 00:00:29.797  INFO 15167 --- [restartedMain] o.s.b.a.ApplicationAvailabilityBean      : Application availability state ReadinessState changed to ACCEPTING_TRAFFIC
2021-06-14 00:23:03.944  INFO 15167 --- [http-nio-8080-exec-2] o.a.c.c.C.[Tomcat].[localhost].[/]       : Initializing Spring DispatcherServlet 'dispatcherServlet'
2021-06-14 00:23:03.948  INFO 15167 --- [http-nio-8080-exec-2] o.s.web.servlet.DispatcherServlet        : Initializing Servlet 'dispatcherServlet'
2021-06-14 00:23:03.954  INFO 15167 --- [http-nio-8080-exec-2] o.s.web.servlet.DispatcherServlet        : Completed initialization in 4 ms
2021-06-14 00:23:06.922  INFO 15167 --- [http-nio-8080-exec-2] c.s.p.personattribute.util.AppLogger     : neutral score: 0.44195798
2021-06-14 00:23:06.923  INFO 15167 --- [http-nio-8080-exec-2] c.s.p.personattribute.util.AppLogger     : negative score: 0.101444416
2021-06-14 00:23:06.924  INFO 15167 --- [http-nio-8080-exec-2] c.s.p.personattribute.util.AppLogger     : positive score: 0.04518611
2021-06-14 00:23:06.926  INFO 15167 --- [http-nio-8080-exec-2] c.s.p.personattribute.util.AppLogger     : mixed score: 0.41141143
2021-06-14 00:23:07.249  INFO 15167 --- [http-nio-8080-exec-2] c.s.p.personattribute.util.AppLogger     : Entity detected both with score 0.882271
2021-06-14 00:23:07.250  INFO 15167 --- [http-nio-8080-exec-2] c.s.p.personattribute.util.AppLogger     : Entity detected indian with score 0.649199
2021-06-14 00:23:07.251  INFO 15167 --- [http-nio-8080-exec-2] c.s.p.personattribute.util.AppLogger     : Entity detected faangpath with score 0.854270
2021-06-14 00:23:07.574  INFO 15167 --- [http-nio-8080-exec-2] c.s.p.personattribute.util.AppLogger     : detected key phrase:your college tier with confidence:0.999781
2021-06-14 00:23:07.577  INFO 15167 --- [http-nio-8080-exec-2] c.s.p.personattribute.util.AppLogger     : detected key phrase:talent with confidence:0.996645
2021-06-14 00:23:07.580  INFO 15167 --- [http-nio-8080-exec-2] c.s.p.personattribute.util.AppLogger     : detected key phrase:the reason with confidence:0.999999
2021-06-14 00:23:07.581  INFO 15167 --- [http-nio-8080-exec-2] c.s.p.personattribute.util.AppLogger     : detected key phrase:most cases with confidence:0.999963
2021-06-14 00:23:07.582  INFO 15167 --- [http-nio-8080-exec-2] c.s.p.personattribute.util.AppLogger     : detected key phrase:the resume with confidence:0.999713
2021-06-14 00:23:07.583  INFO 15167 --- [http-nio-8080-exec-2] c.s.p.personattribute.util.AppLogger     : detected key phrase:your work with confidence:0.999989
2021-06-14 00:23:07.585  INFO 15167 --- [http-nio-8080-exec-2] c.s.p.personattribute.util.AppLogger     : detected key phrase:reviewing with confidence:0.642009
2021-06-14 00:23:07.587  INFO 15167 --- [http-nio-8080-exec-2] c.s.p.personattribute.util.AppLogger     : detected key phrase:resumes with confidence:0.815847
2021-06-14 00:23:07.588  INFO 15167 --- [http-nio-8080-exec-2] c.s.p.personattribute.util.AppLogger     : detected key phrase:both indian with confidence:0.999809
2021-06-14 00:23:07.589  INFO 15167 --- [http-nio-8080-exec-2] c.s.p.personattribute.util.AppLogger     : detected key phrase:international applicants with confidence:0.999997
2021-06-14 00:23:07.592  INFO 15167 --- [http-nio-8080-exec-2] c.s.p.personattribute.util.AppLogger     : detected key phrase:faangpath i with confidence:0.996411
2021-06-14 00:23:07.594  INFO 15167 --- [http-nio-8080-exec-2] c.s.p.personattribute.util.AppLogger     : detected key phrase:a resume with confidence:0.999999
2021-06-14 00:23:07.595  INFO 15167 --- [http-nio-8080-exec-2] c.s.p.personattribute.util.AppLogger     : detected key phrase:a lot with confidence:1.000000
2021-06-14 00:23:07.596  INFO 15167 --- [http-nio-8080-exec-2] c.s.p.personattribute.util.AppLogger     : detected key phrase:doors with confidence:0.999999
2021-06-14 00:43:17.086  INFO 18032 --- [restartedMain] c.s.p.p.PersonAttributeApplication       : Starting PersonAttributeApplication using Java 11.0.11 on Bella with PID 18032 (/home/amit/Projects/JAVA/Spring/spring boot/person-attribute/bin/main started by amit in /home/amit/Projects/JAVA/Spring/spring boot/person-attribute)
2021-06-14 00:43:17.095  INFO 18032 --- [restartedMain] c.s.p.p.PersonAttributeApplication       : No active profile set, falling back to default profiles: default
2021-06-14 00:43:17.284  INFO 18032 --- [restartedMain] .e.DevToolsPropertyDefaultsPostProcessor : Devtools property defaults active! Set 'spring.devtools.add-properties' to 'false' to disable
2021-06-14 00:43:17.284  INFO 18032 --- [restartedMain] .e.DevToolsPropertyDefaultsPostProcessor : For additional web related logging consider setting the 'logging.level.web' property to 'DEBUG'
2021-06-14 00:43:19.193  INFO 18032 --- [restartedMain] .s.d.r.c.RepositoryConfigurationDelegate : Bootstrapping Spring Data JPA repositories in DEFAULT mode.
2021-06-14 00:43:19.360  INFO 18032 --- [restartedMain] .s.d.r.c.RepositoryConfigurationDelegate : Finished Spring Data repository scanning in 147 ms. Found 5 JPA repository interfaces.
2021-06-14 00:43:21.194  INFO 18032 --- [restartedMain] o.s.b.w.embedded.tomcat.TomcatWebServer  : Tomcat initialized with port(s): 8080 (http)
2021-06-14 00:43:21.225  INFO 18032 --- [restartedMain] o.apache.catalina.core.StandardService   : Starting service [Tomcat]
2021-06-14 00:43:21.228  INFO 18032 --- [restartedMain] org.apache.catalina.core.StandardEngine  : Starting Servlet engine: [Apache Tomcat/9.0.46]
2021-06-14 00:43:21.508  INFO 18032 --- [restartedMain] o.a.c.c.C.[Tomcat].[localhost].[/]       : Initializing Spring embedded WebApplicationContext
2021-06-14 00:43:21.510  INFO 18032 --- [restartedMain] w.s.c.ServletWebServerApplicationContext : Root WebApplicationContext: initialization completed in 4219 ms
2021-06-14 00:43:22.071  INFO 18032 --- [restartedMain] o.hibernate.jpa.internal.util.LogHelper  : HHH000204: Processing PersistenceUnitInfo [name: default]
2021-06-14 00:43:22.162  INFO 18032 --- [restartedMain] org.hibernate.Version                    : HHH000412: Hibernate ORM core version 5.4.31.Final
2021-06-14 00:43:22.512  INFO 18032 --- [restartedMain] o.hibernate.annotations.common.Version   : HCANN000001: Hibernate Commons Annotations {5.1.2.Final}
2021-06-14 00:43:22.802  INFO 18032 --- [restartedMain] com.zaxxer.hikari.HikariDataSource       : HikariPool-1 - Starting...
2021-06-14 00:43:22.822  WARN 18032 --- [restartedMain] com.zaxxer.hikari.util.DriverDataSource  : Registered driver with driverClassName=com.mysql.jdbc.Driver was not found, trying direct instantiation.
2021-06-14 00:43:23.805  INFO 18032 --- [restartedMain] com.zaxxer.hikari.HikariDataSource       : HikariPool-1 - Start completed.
2021-06-14 00:43:23.878  INFO 18032 --- [restartedMain] org.hibernate.dialect.Dialect            : HHH000400: Using dialect: org.hibernate.dialect.MySQL57Dialect
2021-06-14 00:43:25.684  INFO 18032 --- [restartedMain] o.h.e.t.j.p.i.JtaPlatformInitiator       : HHH000490: Using JtaPlatform implementation: [org.hibernate.engine.transaction.jta.platform.internal.NoJtaPlatform]
2021-06-14 00:43:25.705  INFO 18032 --- [restartedMain] j.LocalContainerEntityManagerFactoryBean : Initialized JPA EntityManagerFactory for persistence unit 'default'
2021-06-14 00:43:27.091  WARN 18032 --- [restartedMain] JpaBaseConfiguration$JpaWebConfiguration : spring.jpa.open-in-view is enabled by default. Therefore, database queries may be performed during view rendering. Explicitly configure spring.jpa.open-in-view to disable this warning
2021-06-14 00:43:28.061  INFO 18032 --- [restartedMain] o.s.b.d.a.OptionalLiveReloadServer       : LiveReload server is running on port 35729
2021-06-14 00:43:28.286  INFO 18032 --- [restartedMain] o.s.b.w.embedded.tomcat.TomcatWebServer  : Tomcat started on port(s): 8080 (http) with context path ''
2021-06-14 00:43:28.316  INFO 18032 --- [restartedMain] c.s.p.p.PersonAttributeApplication       : Started PersonAttributeApplication in 12.331 seconds (JVM running for 13.99)
2021-06-14 00:43:28.326  INFO 18032 --- [restartedMain] o.s.b.a.ApplicationAvailabilityBean      : Application availability state LivenessState changed to CORRECT
2021-06-14 00:43:28.336  INFO 18032 --- [restartedMain] o.s.b.a.ApplicationAvailabilityBean      : Application availability state ReadinessState changed to ACCEPTING_TRAFFIC
2021-06-14 00:46:44.305  INFO 18032 --- [http-nio-8080-exec-2] o.a.c.c.C.[Tomcat].[localhost].[/]       : Initializing Spring DispatcherServlet 'dispatcherServlet'
2021-06-14 00:46:44.307  INFO 18032 --- [http-nio-8080-exec-2] o.s.web.servlet.DispatcherServlet        : Initializing Servlet 'dispatcherServlet'
2021-06-14 00:46:44.312  INFO 18032 --- [http-nio-8080-exec-2] o.s.web.servlet.DispatcherServlet        : Completed initialization in 4 ms
2021-06-14 00:46:46.881  INFO 18032 --- [http-nio-8080-exec-2] c.s.p.personattribute.util.AppLogger     : neutral score: 0.7314283
2021-06-14 00:46:46.882  INFO 18032 --- [http-nio-8080-exec-2] c.s.p.personattribute.util.AppLogger     : negative score: 2.831264E-4
2021-06-14 00:46:46.883  INFO 18032 --- [http-nio-8080-exec-2] c.s.p.personattribute.util.AppLogger     : positive score: 0.26810205
2021-06-14 00:46:46.885  INFO 18032 --- [http-nio-8080-exec-2] c.s.p.personattribute.util.AppLogger     : mixed score: 1.8652363E-4
2021-06-14 00:46:47.211  INFO 18032 --- [http-nio-8080-exec-2] c.s.p.personattribute.util.AppLogger     : Entity detected innings with score 0.556388
2021-06-14 00:46:47.212  INFO 18032 --- [http-nio-8080-exec-2] c.s.p.personattribute.util.AppLogger     : Entity detected google with score 0.516095
2021-06-14 00:46:47.213  INFO 18032 --- [http-nio-8080-exec-2] c.s.p.personattribute.util.AppLogger     : Entity detected cloud with score 0.760190
2021-06-14 00:46:47.215  INFO 18032 --- [http-nio-8080-exec-2] c.s.p.personattribute.util.AppLogger     : Entity detected google cloud with score 0.624762
2021-06-14 00:46:47.216  INFO 18032 --- [http-nio-8080-exec-2] c.s.p.personattribute.util.AppLogger     : Entity detected google with score 0.951238
2021-06-14 00:46:47.538  INFO 18032 --- [http-nio-8080-exec-2] c.s.p.personattribute.util.AppLogger     : detected key phrase:next innings with confidence:0.999997
2021-06-14 00:46:47.539  INFO 18032 --- [http-nio-8080-exec-2] c.s.p.personattribute.util.AppLogger     : detected key phrase:a unique program with confidence:1.000000
2021-06-14 00:46:47.540  INFO 18032 --- [http-nio-8080-exec-2] c.s.p.personattribute.util.AppLogger     : detected key phrase:an opportunity with confidence:1.000000
2021-06-14 00:46:47.541  INFO 18032 --- [http-nio-8080-exec-2] c.s.p.personattribute.util.AppLogger     : detected key phrase:women with confidence:1.000000
2021-06-14 00:46:47.542  INFO 18032 --- [http-nio-8080-exec-2] c.s.p.personattribute.util.AppLogger     : detected key phrase:a break with confidence:1.000000
2021-06-14 00:46:47.544  INFO 18032 --- [http-nio-8080-exec-2] c.s.p.personattribute.util.AppLogger     : detected key phrase:the workforce with confidence:1.000000
2021-06-14 00:46:47.545  INFO 18032 --- [http-nio-8080-exec-2] c.s.p.personattribute.util.AppLogger     : detected key phrase:the workforce with confidence:1.000000
2021-06-14 00:46:47.546  INFO 18032 --- [http-nio-8080-exec-2] c.s.p.personattribute.util.AppLogger     : detected key phrase:the guidance with confidence:1.000000
2021-06-14 00:46:47.550  INFO 18032 --- [http-nio-8080-exec-2] c.s.p.personattribute.util.AppLogger     : detected key phrase:experienced leaders with confidence:0.999999
2021-06-14 00:46:47.551  INFO 18032 --- [http-nio-8080-exec-2] c.s.p.personattribute.util.AppLogger     : detected key phrase:selected candidates with confidence:0.999999
2021-06-14 00:46:47.552  INFO 18032 --- [http-nio-8080-exec-2] c.s.p.personattribute.util.AppLogger     : detected key phrase:core technologies with confidence:1.000000
2021-06-14 00:46:47.553  INFO 18032 --- [http-nio-8080-exec-2] c.s.p.personattribute.util.AppLogger     : detected key phrase:google cloud with confidence:1.000000
2021-06-14 00:46:47.554  INFO 18032 --- [http-nio-8080-exec-2] c.s.p.personattribute.util.AppLogger     : detected key phrase:a chance with confidence:1.000000
2021-06-14 00:46:47.555  INFO 18032 --- [http-nio-8080-exec-2] c.s.p.personattribute.util.AppLogger     : detected key phrase:the various services with confidence:1.000000
2021-06-14 00:46:47.557  INFO 18032 --- [http-nio-8080-exec-2] c.s.p.personattribute.util.AppLogger     : detected key phrase:google cloud with confidence:0.999999
2021-06-14 00:46:47.558  INFO 18032 --- [http-nio-8080-exec-2] c.s.p.personattribute.util.AppLogger     : detected key phrase:the experts with confidence:1.000000
2021-06-14 00:46:47.559  INFO 18032 --- [http-nio-8080-exec-2] c.s.p.personattribute.util.AppLogger     : detected key phrase:the area with confidence:1.000000
2021-06-14 00:46:47.564  INFO 18032 --- [http-nio-8080-exec-2] c.s.p.personattribute.util.AppLogger     : detected key phrase:the product development with confidence:1.000000
2021-06-14 00:46:47.565  INFO 18032 --- [http-nio-8080-exec-2] c.s.p.personattribute.util.AppLogger     : detected key phrase:google with confidence:0.999981
2021-06-14 00:49:39.758  INFO 18032 --- [http-nio-8080-exec-5] c.s.p.personattribute.util.AppLogger     : neutral score: 0.7314283
2021-06-14 00:49:39.759  INFO 18032 --- [http-nio-8080-exec-5] c.s.p.personattribute.util.AppLogger     : negative score: 2.831264E-4
2021-06-14 00:49:39.761  INFO 18032 --- [http-nio-8080-exec-5] c.s.p.personattribute.util.AppLogger     : positive score: 0.26810205
2021-06-14 00:49:39.762  INFO 18032 --- [http-nio-8080-exec-5] c.s.p.personattribute.util.AppLogger     : mixed score: 1.8652363E-4
2021-06-14 00:49:40.062  INFO 18032 --- [http-nio-8080-exec-5] c.s.p.personattribute.util.AppLogger     : Entity detected innings with score 0.556388
2021-06-14 00:49:40.064  INFO 18032 --- [http-nio-8080-exec-5] c.s.p.personattribute.util.AppLogger     : Entity detected google with score 0.516095
2021-06-14 00:49:40.065  INFO 18032 --- [http-nio-8080-exec-5] c.s.p.personattribute.util.AppLogger     : Entity detected cloud with score 0.760190
2021-06-14 00:49:40.067  INFO 18032 --- [http-nio-8080-exec-5] c.s.p.personattribute.util.AppLogger     : Entity detected google cloud with score 0.624762
2021-06-14 00:49:40.071  INFO 18032 --- [http-nio-8080-exec-5] c.s.p.personattribute.util.AppLogger     : Entity detected google with score 0.951238
2021-06-14 00:49:40.376  INFO 18032 --- [http-nio-8080-exec-5] c.s.p.personattribute.util.AppLogger     : detected key phrase:next innings with confidence:0.999997
2021-06-14 00:49:40.377  INFO 18032 --- [http-nio-8080-exec-5] c.s.p.personattribute.util.AppLogger     : detected key phrase:a unique program with confidence:1.000000
2021-06-14 00:49:40.379  INFO 18032 --- [http-nio-8080-exec-5] c.s.p.personattribute.util.AppLogger     : detected key phrase:an opportunity with confidence:1.000000
2021-06-14 00:49:40.380  INFO 18032 --- [http-nio-8080-exec-5] c.s.p.personattribute.util.AppLogger     : detected key phrase:women with confidence:1.000000
2021-06-14 00:49:40.380  INFO 18032 --- [http-nio-8080-exec-5] c.s.p.personattribute.util.AppLogger     : detected key phrase:a break with confidence:1.000000
2021-06-14 00:49:40.381  INFO 18032 --- [http-nio-8080-exec-5] c.s.p.personattribute.util.AppLogger     : detected key phrase:the workforce with confidence:1.000000
2021-06-14 00:49:40.381  INFO 18032 --- [http-nio-8080-exec-5] c.s.p.personattribute.util.AppLogger     : detected key phrase:the workforce with confidence:1.000000
2021-06-14 00:49:40.383  INFO 18032 --- [http-nio-8080-exec-5] c.s.p.personattribute.util.AppLogger     : detected key phrase:the guidance with confidence:1.000000
2021-06-14 00:49:40.388  INFO 18032 --- [http-nio-8080-exec-5] c.s.p.personattribute.util.AppLogger     : detected key phrase:experienced leaders with confidence:0.999999
2021-06-14 00:49:40.390  INFO 18032 --- [http-nio-8080-exec-5] c.s.p.personattribute.util.AppLogger     : detected key phrase:selected candidates with confidence:0.999999
2021-06-14 00:49:40.393  INFO 18032 --- [http-nio-8080-exec-5] c.s.p.personattribute.util.AppLogger     : detected key phrase:core technologies with confidence:1.000000
2021-06-14 00:49:40.396  INFO 18032 --- [http-nio-8080-exec-5] c.s.p.personattribute.util.AppLogger     : detected key phrase:google cloud with confidence:1.000000
2021-06-14 00:49:40.398  INFO 18032 --- [http-nio-8080-exec-5] c.s.p.personattribute.util.AppLogger     : detected key phrase:a chance with confidence:1.000000
2021-06-14 00:49:40.398  INFO 18032 --- [http-nio-8080-exec-5] c.s.p.personattribute.util.AppLogger     : detected key phrase:the various services with confidence:1.000000
2021-06-14 00:49:40.399  INFO 18032 --- [http-nio-8080-exec-5] c.s.p.personattribute.util.AppLogger     : detected key phrase:google cloud with confidence:0.999999
2021-06-14 00:49:40.405  INFO 18032 --- [http-nio-8080-exec-5] c.s.p.personattribute.util.AppLogger     : detected key phrase:the experts with confidence:1.000000
2021-06-14 00:49:40.405  INFO 18032 --- [http-nio-8080-exec-5] c.s.p.personattribute.util.AppLogger     : detected key phrase:the area with confidence:1.000000
2021-06-14 00:49:40.406  INFO 18032 --- [http-nio-8080-exec-5] c.s.p.personattribute.util.AppLogger     : detected key phrase:the product development with confidence:1.000000
2021-06-14 00:49:40.407  INFO 18032 --- [http-nio-8080-exec-5] c.s.p.personattribute.util.AppLogger     : detected key phrase:google with confidence:0.999981
2021-06-14 00:58:07.863  INFO 18032 --- [Thread-6] o.s.b.a.ApplicationAvailabilityBean      : Application availability state ReadinessState changed from ACCEPTING_TRAFFIC to REFUSING_TRAFFIC
2021-06-14 00:58:07.980  INFO 18032 --- [Thread-6] j.LocalContainerEntityManagerFactoryBean : Closing JPA EntityManagerFactory for persistence unit 'default'
2021-06-14 00:58:08.003  INFO 18032 --- [Thread-6] com.zaxxer.hikari.HikariDataSource       : HikariPool-1 - Shutdown initiated...
2021-06-14 00:58:08.035  INFO 18032 --- [Thread-6] com.zaxxer.hikari.HikariDataSource       : HikariPool-1 - Shutdown completed.
2021-06-14 00:58:08.341  INFO 18032 --- [restartedMain] c.s.p.p.PersonAttributeApplication       : Starting PersonAttributeApplication using Java 11.0.11 on Bella with PID 18032 (/home/amit/Projects/JAVA/Spring/spring boot/person-attribute/bin/main started by amit in /home/amit/Projects/JAVA/Spring/spring boot/person-attribute)
2021-06-14 00:58:08.344  INFO 18032 --- [restartedMain] c.s.p.p.PersonAttributeApplication       : No active profile set, falling back to default profiles: default
2021-06-14 00:58:09.083  INFO 18032 --- [restartedMain] .s.d.r.c.RepositoryConfigurationDelegate : Bootstrapping Spring Data JPA repositories in DEFAULT mode.
2021-06-14 00:58:09.170  INFO 18032 --- [restartedMain] .s.d.r.c.RepositoryConfigurationDelegate : Finished Spring Data repository scanning in 83 ms. Found 5 JPA repository interfaces.
2021-06-14 00:58:09.640  INFO 18032 --- [restartedMain] o.s.b.w.embedded.tomcat.TomcatWebServer  : Tomcat initialized with port(s): 8080 (http)
2021-06-14 00:58:09.650  INFO 18032 --- [restartedMain] o.apache.catalina.core.StandardService   : Starting service [Tomcat]
2021-06-14 00:58:09.652  INFO 18032 --- [restartedMain] org.apache.catalina.core.StandardEngine  : Starting Servlet engine: [Apache Tomcat/9.0.46]
2021-06-14 00:58:09.701  INFO 18032 --- [restartedMain] o.a.c.c.C.[Tomcat].[localhost].[/]       : Initializing Spring embedded WebApplicationContext
2021-06-14 00:58:09.713  INFO 18032 --- [restartedMain] w.s.c.ServletWebServerApplicationContext : Root WebApplicationContext: initialization completed in 1345 ms
2021-06-14 00:58:09.880  INFO 18032 --- [restartedMain] o.hibernate.jpa.internal.util.LogHelper  : HHH000204: Processing PersistenceUnitInfo [name: default]
2021-06-14 00:58:09.889  INFO 18032 --- [restartedMain] com.zaxxer.hikari.HikariDataSource       : HikariPool-2 - Starting...
2021-06-14 00:58:09.890  WARN 18032 --- [restartedMain] com.zaxxer.hikari.util.DriverDataSource  : Registered driver with driverClassName=com.mysql.jdbc.Driver was not found, trying direct instantiation.
2021-06-14 00:58:09.961  INFO 18032 --- [restartedMain] com.zaxxer.hikari.HikariDataSource       : HikariPool-2 - Start completed.
2021-06-14 00:58:09.962  INFO 18032 --- [restartedMain] org.hibernate.dialect.Dialect            : HHH000400: Using dialect: org.hibernate.dialect.MySQL57Dialect
2021-06-14 00:58:10.289  INFO 18032 --- [restartedMain] o.h.e.t.j.p.i.JtaPlatformInitiator       : HHH000490: Using JtaPlatform implementation: [org.hibernate.engine.transaction.jta.platform.internal.NoJtaPlatform]
2021-06-14 00:58:10.290  INFO 18032 --- [restartedMain] j.LocalContainerEntityManagerFactoryBean : Initialized JPA EntityManagerFactory for persistence unit 'default'
2021-06-14 00:58:10.671  WARN 18032 --- [restartedMain] JpaBaseConfiguration$JpaWebConfiguration : spring.jpa.open-in-view is enabled by default. Therefore, database queries may be performed during view rendering. Explicitly configure spring.jpa.open-in-view to disable this warning
2021-06-14 00:58:10.947  INFO 18032 --- [restartedMain] o.s.b.d.a.OptionalLiveReloadServer       : LiveReload server is running on port 35729
2021-06-14 00:58:11.018  INFO 18032 --- [restartedMain] o.s.b.w.embedded.tomcat.TomcatWebServer  : Tomcat started on port(s): 8080 (http) with context path ''
2021-06-14 00:58:11.032  INFO 18032 --- [restartedMain] c.s.p.p.PersonAttributeApplication       : Started PersonAttributeApplication in 2.825 seconds (JVM running for 896.706)
2021-06-14 00:58:11.035  INFO 18032 --- [restartedMain] o.s.b.a.ApplicationAvailabilityBean      : Application availability state LivenessState changed to CORRECT
2021-06-14 00:58:11.040  INFO 18032 --- [restartedMain] .ConditionEvaluationDeltaLoggingListener : Condition evaluation unchanged
2021-06-14 00:58:11.043  INFO 18032 --- [restartedMain] o.s.b.a.ApplicationAvailabilityBean      : Application availability state ReadinessState changed to ACCEPTING_TRAFFIC
